<?xml version="1.0" encoding="UTF-8"?>
<!-- Generated by org.testng.reporters.JUnitReportReporter -->
<testsuite skipped="0" hostname="dell-Inspiron-3521" name="simpleDevelopment.development2.test3" tests="1" failures="0" timestamp="08 Jul 2020 11:34:48 GMT" time="0.575" errors="0">
  <testcase name="dbMethod" time="0.575" classname="simpleDevelopment.development2.test3"/>
</testsuite> <!-- simpleDevelopment.development2.test3 -->
