<?xml version="1.0" encoding="UTF-8"?>
<!-- Generated by org.testng.reporters.JUnitReportReporter -->
<testsuite skipped="0" hostname="dell-Inspiron-3521" name="simpleDevelopment.development2.Test1" tests="1" failures="0" timestamp="08 Jul 2020 08:18:34 GMT" time="58.403" errors="0">
  <testcase name="method" time="58.403" classname="simpleDevelopment.development2.Test1"/>
</testsuite> <!-- simpleDevelopment.development2.Test1 -->
